<?xml version="1.0" encoding="UTF-8"?>
<coverage generated="1719943768098" clover="3.2.0">
  <project timestamp="1719943768098" name="All files">
    <metrics statements="60" coveredstatements="60" conditionals="78" coveredconditionals="70" methods="19" coveredmethods="19" elements="157" coveredelements="149" complexity="0" loc="60" ncloc="60" packages="2" files="2" classes="2"/>
    <package name="src">
      <metrics statements="56" coveredstatements="56" conditionals="72" coveredconditionals="64" methods="18" coveredmethods="18"/>
      <file name="specify-string.mjs" path="/Users/zane/playground/specify-string/src/specify-string.mjs">
        <metrics statements="56" coveredstatements="56" conditionals="72" coveredconditionals="64" methods="18" coveredmethods="18"/>
        <line num="1" count="353" type="cond" truecount="3" falsecount="8"/>
        <line num="3" count="1" type="stmt"/>
        <line num="4" count="5" type="cond" truecount="3" falsecount="0"/>
        <line num="6" count="4" type="cond" truecount="3" falsecount="0"/>
        <line num="8" count="4" type="cond" truecount="3" falsecount="0"/>
        <line num="12" count="1" type="stmt"/>
        <line num="14" count="7" type="cond" truecount="2" falsecount="0"/>
        <line num="16" count="2" type="cond" truecount="2" falsecount="0"/>
        <line num="18" count="2" type="cond" truecount="2" falsecount="0"/>
        <line num="21" count="2" type="cond" truecount="3" falsecount="0"/>
        <line num="25" count="2" type="stmt"/>
        <line num="26" count="2" type="cond" truecount="3" falsecount="0"/>
        <line num="30" count="2" type="stmt"/>
        <line num="31" count="2" type="cond" truecount="4" falsecount="0"/>
        <line num="35" count="4" type="cond" truecount="1" falsecount="0"/>
        <line num="36" count="2" type="stmt"/>
        <line num="38" count="4" type="cond" truecount="2" falsecount="0"/>
        <line num="42" count="5" type="cond" truecount="2" falsecount="0"/>
        <line num="43" count="1" type="stmt"/>
        <line num="45" count="4" type="cond" truecount="2" falsecount="0"/>
        <line num="50" count="1" type="stmt"/>
        <line num="54" count="6" type="stmt"/>
        <line num="55" count="2" type="stmt"/>
        <line num="57" count="1" type="stmt"/>
        <line num="58" count="1" type="stmt"/>
        <line num="59" count="1" type="stmt"/>
        <line num="62" count="2" type="stmt"/>
        <line num="66" count="46" type="stmt"/>
        <line num="67" count="46" type="cond" truecount="1" falsecount="0"/>
        <line num="68" count="1" type="stmt"/>
        <line num="70" count="45" type="cond" truecount="1" falsecount="0"/>
        <line num="71" count="1" type="stmt"/>
        <line num="73" count="44" type="cond" truecount="2" falsecount="0"/>
        <line num="74" count="48" type="cond" truecount="3" falsecount="0"/>
        <line num="75" count="2" type="stmt"/>
        <line num="78" count="42" type="stmt"/>
        <line num="79" count="42" type="stmt"/>
        <line num="81" count="42" type="cond" truecount="2" falsecount="0"/>
        <line num="82" count="13" type="stmt"/>
        <line num="84" count="13" type="stmt"/>
        <line num="86" count="13" type="cond" truecount="1" falsecount="0"/>
        <line num="87" count="6" type="stmt"/>
        <line num="90" count="29" type="cond" truecount="2" falsecount="0"/>
        <line num="91" count="30" type="stmt"/>
        <line num="92" count="30" type="cond" truecount="2" falsecount="0"/>
        <line num="97" count="29" type="cond" truecount="1" falsecount="0"/>
        <line num="98" count="13" type="cond" truecount="2" falsecount="0"/>
        <line num="99" count="1" type="stmt"/>
        <line num="101" count="12" type="stmt"/>
        <line num="104" count="30" type="stmt"/>
        <line num="108" count="22" type="stmt"/>
        <line num="111" count="6" type="stmt"/>
        <line num="112" count="6" type="stmt"/>
        <line num="113" count="6" type="cond" truecount="4" falsecount="0"/>
        <line num="116" count="3" type="cond" truecount="2" falsecount="0"/>
        <line num="120" count="3" type="stmt"/>
      </file>
    </package>
    <package name="src.lib">
      <metrics statements="4" coveredstatements="4" conditionals="6" coveredconditionals="6" methods="1" coveredmethods="1"/>
      <file name="extract-args.mjs" path="/Users/zane/playground/specify-string/src/lib/extract-args.mjs">
        <metrics statements="4" coveredstatements="4" conditionals="6" coveredconditionals="6" methods="1" coveredmethods="1"/>
        <line num="1" count="1" type="stmt"/>
        <line num="2" count="42" type="cond" truecount="6" falsecount="0"/>
        <line num="3" count="1" type="stmt"/>
        <line num="5" count="41" type="stmt"/>
      </file>
    </package>
  </project>
</coverage>
