<?xml version="1.0" encoding="UTF-8"?>
<coverage generated="1718915063727" clover="3.2.0">
  <project timestamp="1718915063727" name="All files">
    <metrics statements="49" coveredstatements="49" conditionals="51" coveredconditionals="51" methods="14" coveredmethods="14" elements="114" coveredelements="114" complexity="0" loc="49" ncloc="49" packages="1" files="1" classes="1"/>
    <file name="specify-string.mjs" path="/Users/zane/playground/specify-string/src/specify-string.mjs">
      <metrics statements="49" coveredstatements="49" conditionals="51" coveredconditionals="51" methods="14" coveredmethods="14"/>
      <line num="1" count="1" type="stmt"/>
      <line num="2" count="4" type="cond" truecount="3" falsecount="0"/>
      <line num="4" count="4" type="cond" truecount="3" falsecount="0"/>
      <line num="6" count="4" type="cond" truecount="3" falsecount="0"/>
      <line num="10" count="1" type="stmt"/>
      <line num="12" count="7" type="cond" truecount="2" falsecount="0"/>
      <line num="14" count="2" type="cond" truecount="2" falsecount="0"/>
      <line num="16" count="2" type="cond" truecount="2" falsecount="0"/>
      <line num="19" count="4" type="cond" truecount="1" falsecount="0"/>
      <line num="20" count="2" type="stmt"/>
      <line num="22" count="4" type="cond" truecount="2" falsecount="0"/>
      <line num="26" count="5" type="cond" truecount="2" falsecount="0"/>
      <line num="27" count="1" type="stmt"/>
      <line num="29" count="4" type="cond" truecount="2" falsecount="0"/>
      <line num="34" count="1" type="stmt"/>
      <line num="38" count="6" type="stmt"/>
      <line num="39" count="2" type="stmt"/>
      <line num="41" count="1" type="stmt"/>
      <line num="42" count="1" type="stmt"/>
      <line num="43" count="1" type="stmt"/>
      <line num="46" count="2" type="stmt"/>
      <line num="50" count="39" type="stmt"/>
      <line num="51" count="39" type="cond" truecount="1" falsecount="0"/>
      <line num="52" count="1" type="stmt"/>
      <line num="54" count="38" type="cond" truecount="1" falsecount="0"/>
      <line num="55" count="1" type="stmt"/>
      <line num="57" count="37" type="cond" truecount="2" falsecount="0"/>
      <line num="58" count="41" type="cond" truecount="3" falsecount="0"/>
      <line num="59" count="2" type="stmt"/>
      <line num="62" count="35" type="stmt"/>
      <line num="63" count="35" type="cond" truecount="2" falsecount="0"/>
      <line num="64" count="12" type="stmt"/>
      <line num="66" count="12" type="stmt"/>
      <line num="68" count="12" type="cond" truecount="1" falsecount="0"/>
      <line num="69" count="6" type="stmt"/>
      <line num="72" count="23" type="cond" truecount="2" falsecount="0"/>
      <line num="73" count="24" type="stmt"/>
      <line num="74" count="24" type="cond" truecount="2" falsecount="0"/>
      <line num="79" count="23" type="cond" truecount="1" falsecount="0"/>
      <line num="80" count="10" type="cond" truecount="2" falsecount="0"/>
      <line num="81" count="1" type="stmt"/>
      <line num="83" count="9" type="stmt"/>
      <line num="86" count="24" type="stmt"/>
      <line num="90" count="18" type="stmt"/>
      <line num="93" count="6" type="stmt"/>
      <line num="94" count="6" type="stmt"/>
      <line num="95" count="6" type="cond" truecount="4" falsecount="0"/>
      <line num="98" count="3" type="cond" truecount="2" falsecount="0"/>
      <line num="102" count="3" type="stmt"/>
    </file>
  </project>
</coverage>
