{"/Users/zane/playground/specify-string/src/specify-string.mjs": {"path":"/Users/zane/playground/specify-string/src/specify-string.mjs","statementMap":{"0":{"start":{"line":1,"column":28},"end":{"line":8,"column":1}},"1":{"start":{"line":2,"column":30},"end":{"line":3,"column":null}},"2":{"start":{"line":4,"column":30},"end":{"line":5,"column":null}},"3":{"start":{"line":6,"column":32},"end":{"line":7,"column":null}},"4":{"start":{"line":10,"column":23},"end":{"line":32,"column":1}},"5":{"start":{"line":12,"column":31},"end":{"line":13,"column":null}},"6":{"start":{"line":14,"column":31},"end":{"line":15,"column":null}},"7":{"start":{"line":16,"column":33},"end":{"line":17,"column":null}},"8":{"start":{"line":19,"column":4},"end":{"line":21,"column":null}},"9":{"start":{"line":20,"column":6},"end":{"line":20,"column":null}},"10":{"start":{"line":22,"column":4},"end":{"line":23,"column":null}},"11":{"start":{"line":26,"column":4},"end":{"line":28,"column":null}},"12":{"start":{"line":26,"column":10},"end":{"line":26,"column":60}},"13":{"start":{"line":27,"column":6},"end":{"line":27,"column":null}},"14":{"start":{"line":29,"column":4},"end":{"line":30,"column":null}},"15":{"start":{"line":34,"column":15},"end":{"line":47,"column":null}},"16":{"start":{"line":38,"column":21},"end":{"line":38,"column":20}},"17":{"start":{"line":38,"column":33},"end":{"line":38,"column":32}},"18":{"start":{"line":38,"column":33},"end":{"line":38,"column":37}},"19":{"start":{"line":39,"column":4},"end":{"line":39,"column":null}},"20":{"start":{"line":41,"column":4},"end":{"line":41,"column":null}},"21":{"start":{"line":42,"column":4},"end":{"line":42,"column":null}},"22":{"start":{"line":43,"column":3},"end":{"line":47,"column":null}},"23":{"start":{"line":46,"column":4},"end":{"line":46,"column":null}},"24":{"start":{"line":50,"column":20},"end":{"line":87,"column":1}},"25":{"start":{"line":50,"column":39},"end":{"line":50,"column":38}},"26":{"start":{"line":50,"column":45},"end":{"line":50,"column":44}},"27":{"start":{"line":50,"column":57},"end":{"line":50,"column":56}},"28":{"start":{"line":50,"column":64},"end":{"line":50,"column":63}},"29":{"start":{"line":51,"column":2},"end":{"line":53,"column":null}},"30":{"start":{"line":52,"column":4},"end":{"line":52,"column":null}},"31":{"start":{"line":54,"column":2},"end":{"line":56,"column":null}},"32":{"start":{"line":55,"column":4},"end":{"line":55,"column":null}},"33":{"start":{"line":57,"column":17},"end":{"line":57,"column":55}},"34":{"start":{"line":58,"column":2},"end":{"line":60,"column":null}},"35":{"start":{"line":58,"column":46},"end":{"line":58,"column":73}},"36":{"start":{"line":59,"column":4},"end":{"line":59,"column":null}},"37":{"start":{"line":62,"column":2},"end":{"line":84,"column":null}},"38":{"start":{"line":62,"column":2},"end":{"line":62,"column":7}},"39":{"start":{"line":62,"column":41},"end":{"line":62,"column":61}},"40":{"start":{"line":62,"column":7},"end":{"line":62,"column":14}},"41":{"start":{"line":62,"column":24},"end":{"line":62,"column":26}},"42":{"start":{"line":62,"column":36},"end":{"line":62,"column":41}},"43":{"start":{"line":63,"column":4},"end":{"line":83,"column":null}},"44":{"start":{"line":64,"column":29},"end":{"line":64,"column":60}},"45":{"start":{"line":66,"column":21},"end":{"line":66,"column":55}},"46":{"start":{"line":68,"column":6},"end":{"line":70,"column":null}},"47":{"start":{"line":69,"column":8},"end":{"line":69,"column":null}},"48":{"start":{"line":72,"column":29},"end":{"line":72,"column":81}},"49":{"start":{"line":72,"column":81},"end":{"line":73,"column":30}},"50":{"start":{"line":73,"column":28},"end":{"line":82,"column":null}},"51":{"start":{"line":73,"column":6},"end":{"line":82,"column":7}},"52":{"start":{"line":73,"column":18},"end":{"line":73,"column":22}},"53":{"start":{"line":74,"column":23},"end":{"line":78,"column":43}},"54":{"start":{"line":79,"column":8},"end":{"line":81,"column":null}},"55":{"start":{"line":80,"column":10},"end":{"line":80,"column":null}},"56":{"start":{"line":82,"column":7},"end":{"line":82,"column":null}},"57":{"start":{"line":86,"column":2},"end":{"line":86,"column":null}},"58":{"start":{"line":89,"column":24},"end":{"line":99,"column":1}},"59":{"start":{"line":89,"column":34},"end":{"line":89,"column":33}},"60":{"start":{"line":89,"column":46},"end":{"line":89,"column":45}},"61":{"start":{"line":90,"column":2},"end":{"line":96,"column":null}},"62":{"start":{"line":90,"column":2},"end":{"line":90,"column":7}},"63":{"start":{"line":90,"column":27},"end":{"line":90,"column":44}},"64":{"start":{"line":90,"column":23},"end":{"line":90,"column":27}},"65":{"start":{"line":91,"column":4},"end":{"line":95,"column":null}},"66":{"start":{"line":94,"column":6},"end":{"line":94,"column":null}},"67":{"start":{"line":98,"column":2},"end":{"line":98,"column":null}}},"fnMap":{"0":{"name":"minCount","decl":{"start":{"line":2,"column":16},"end":{"line":2,"column":17}},"loc":{"start":{"line":2,"column":30},"end":{"line":3,"column":null}}},"1":{"name":"maxCount","decl":{"start":{"line":4,"column":16},"end":{"line":4,"column":17}},"loc":{"start":{"line":4,"column":30},"end":{"line":5,"column":null}}},"2":{"name":"exactCount","decl":{"start":{"line":6,"column":18},"end":{"line":6,"column":19}},"loc":{"start":{"line":6,"column":32},"end":{"line":7,"column":null}}},"3":{"name":"minLength","decl":{"start":{"line":12,"column":17},"end":{"line":12,"column":18}},"loc":{"start":{"line":12,"column":31},"end":{"line":13,"column":null}}},"4":{"name":"maxLength","decl":{"start":{"line":14,"column":17},"end":{"line":14,"column":18}},"loc":{"start":{"line":14,"column":31},"end":{"line":15,"column":null}}},"5":{"name":"exactLength","decl":{"start":{"line":16,"column":19},"end":{"line":16,"column":20}},"loc":{"start":{"line":16,"column":33},"end":{"line":17,"column":null}}},"6":{"name":"oneOf","decl":{"start":{"line":18,"column":13},"end":{"line":18,"column":14}},"loc":{"start":{"line":18,"column":33},"end":{"line":24,"column":3}}},"7":{"name":"matchRe","decl":{"start":{"line":25,"column":15},"end":{"line":25,"column":16}},"loc":{"start":{"line":25,"column":30},"end":{"line":31,"column":null}}},"8":{"name":"(anonymous_18)","decl":{"start":{"line":34,"column":15},"end":{"line":34,"column":null}},"loc":{"start":{"line":34,"column":15},"end":{"line":47,"column":null}}},"9":{"name":"Validator","decl":{"start":{"line":38,"column":2},"end":{"line":38,"column":17}},"loc":{"start":{"line":38,"column":37},"end":{"line":43,"column":3}}},"10":{"name":"validateString","decl":{"start":{"line":45,"column":2},"end":{"line":45,"column":18}},"loc":{"start":{"line":45,"column":25},"end":{"line":47,"column":3}}},"11":{"name":"_validateString","decl":{"start":{"line":50,"column":6},"end":{"line":50,"column":20}},"loc":{"start":{"line":50,"column":71},"end":{"line":87,"column":1}}},"12":{"name":"(anonymous_22)","decl":{"start":{"line":58,"column":44},"end":{"line":58,"column":45}},"loc":{"start":{"line":58,"column":46},"end":{"line":58,"column":73}}},"13":{"name":"validateStringSpec","decl":{"start":{"line":89,"column":6},"end":{"line":89,"column":24}},"loc":{"start":{"line":89,"column":53},"end":{"line":99,"column":1}}}},"branchMap":{"0":{"loc":{"start":{"line":2,"column":36},"end":{"line":3,"column":83}},"type":"binary-expr","locations":[{"start":{"line":2,"column":36},"end":{"line":2,"column":56}},{"start":{"line":2,"column":60},"end":{"line":2,"column":82}},{"start":{"line":2,"column":82},"end":{"line":3,"column":83}}]},"1":{"loc":{"start":{"line":4,"column":36},"end":{"line":5,"column":79}},"type":"binary-expr","locations":[{"start":{"line":4,"column":36},"end":{"line":4,"column":56}},{"start":{"line":4,"column":60},"end":{"line":4,"column":82}},{"start":{"line":4,"column":82},"end":{"line":5,"column":79}}]},"2":{"loc":{"start":{"line":6,"column":38},"end":{"line":7,"column":78}},"type":"binary-expr","locations":[{"start":{"line":6,"column":38},"end":{"line":6,"column":58}},{"start":{"line":6,"column":62},"end":{"line":6,"column":85}},{"start":{"line":6,"column":85},"end":{"line":7,"column":78}}]},"3":{"loc":{"start":{"line":12,"column":36},"end":{"line":13,"column":89}},"type":"binary-expr","locations":[{"start":{"line":12,"column":36},"end":{"line":12,"column":58}},{"start":{"line":12,"column":58},"end":{"line":13,"column":89}}]},"4":{"loc":{"start":{"line":14,"column":36},"end":{"line":15,"column":88}},"type":"binary-expr","locations":[{"start":{"line":14,"column":36},"end":{"line":14,"column":58}},{"start":{"line":14,"column":58},"end":{"line":15,"column":88}}]},"5":{"loc":{"start":{"line":16,"column":38},"end":{"line":17,"column":88}},"type":"binary-expr","locations":[{"start":{"line":16,"column":38},"end":{"line":16,"column":61}},{"start":{"line":16,"column":61},"end":{"line":17,"column":88}}]},"6":{"loc":{"start":{"line":19,"column":4},"end":{"line":21,"column":null}},"type":"if","locations":[{"start":{"line":19,"column":4},"end":{"line":21,"column":null}}]},"7":{"loc":{"start":{"line":22,"column":11},"end":{"line":23,"column":71}},"type":"binary-expr","locations":[{"start":{"line":22,"column":11},"end":{"line":22,"column":34}},{"start":{"line":22,"column":34},"end":{"line":23,"column":71}}]},"8":{"loc":{"start":{"line":26,"column":15},"end":{"line":26,"column":59}},"type":"cond-expr","locations":[{"start":{"line":26,"column":40},"end":{"line":26,"column":54}},{"start":{"line":26,"column":57},"end":{"line":26,"column":59}}]},"9":{"loc":{"start":{"line":29,"column":11},"end":{"line":30,"column":58}},"type":"binary-expr","locations":[{"start":{"line":29,"column":11},"end":{"line":29,"column":25}},{"start":{"line":29,"column":25},"end":{"line":30,"column":58}}]},"10":{"loc":{"start":{"line":51,"column":2},"end":{"line":53,"column":null}},"type":"if","locations":[{"start":{"line":51,"column":2},"end":{"line":53,"column":null}}]},"11":{"loc":{"start":{"line":54,"column":2},"end":{"line":56,"column":null}},"type":"if","locations":[{"start":{"line":54,"column":2},"end":{"line":56,"column":null}}]},"12":{"loc":{"start":{"line":57,"column":17},"end":{"line":57,"column":55}},"type":"cond-expr","locations":[{"start":{"line":57,"column":40},"end":{"line":57,"column":45}},{"start":{"line":57,"column":48},"end":{"line":57,"column":55}}]},"13":{"loc":{"start":{"line":58,"column":2},"end":{"line":60,"column":null}},"type":"if","locations":[{"start":{"line":58,"column":2},"end":{"line":60,"column":null}}]},"14":{"loc":{"start":{"line":58,"column":6},"end":{"line":58,"column":73}},"type":"binary-expr","locations":[{"start":{"line":58,"column":6},"end":{"line":58,"column":28}},{"start":{"line":58,"column":32},"end":{"line":58,"column":73}}]},"15":{"loc":{"start":{"line":63,"column":4},"end":{"line":83,"column":null}},"type":"if","locations":[{"start":{"line":63,"column":4},"end":{"line":83,"column":null}},{"start":{"line":71,"column":11},"end":{"line":83,"column":null}}]},"16":{"loc":{"start":{"line":68,"column":6},"end":{"line":70,"column":null}},"type":"if","locations":[{"start":{"line":68,"column":6},"end":{"line":70,"column":null}}]},"17":{"loc":{"start":{"line":72,"column":29},"end":{"line":72,"column":81}},"type":"binary-expr","locations":[{"start":{"line":72,"column":29},"end":{"line":72,"column":55}},{"start":{"line":72,"column":59},"end":{"line":72,"column":81}}]},"18":{"loc":{"start":{"line":74,"column":23},"end":{"line":78,"column":43}},"type":"cond-expr","locations":[{"start":{"line":75,"column":12},"end":{"line":75,"column":41}},{"start":{"line":76,"column":12},"end":{"line":78,"column":43}}]},"19":{"loc":{"start":{"line":76,"column":12},"end":{"line":78,"column":43}},"type":"cond-expr","locations":[{"start":{"line":77,"column":14},"end":{"line":77,"column":46}},{"start":{"line":78,"column":14},"end":{"line":78,"column":43}}]},"20":{"loc":{"start":{"line":79,"column":8},"end":{"line":81,"column":null}},"type":"if","locations":[{"start":{"line":79,"column":8},"end":{"line":81,"column":null}}]},"21":{"loc":{"start":{"line":91,"column":4},"end":{"line":95,"column":null}},"type":"if","locations":[{"start":{"line":91,"column":4},"end":{"line":95,"column":null}}]},"22":{"loc":{"start":{"line":91,"column":8},"end":{"line":93,"column":46}},"type":"binary-expr","locations":[{"start":{"line":91,"column":8},"end":{"line":91,"column":48}},{"start":{"line":92,"column":8},"end":{"line":92,"column":53}},{"start":{"line":93,"column":8},"end":{"line":93,"column":46}}]},"23":{"loc":{"start":{"line":93,"column":8},"end":{"line":93,"column":32}},"type":"cond-expr","locations":[{"start":{"line":93,"column":18},"end":{"line":93,"column":21}},{"start":{"line":93,"column":8},"end":{"line":93,"column":32}}]},"24":{"loc":{"start":{"line":93,"column":8},"end":{"line":93,"column":21}},"type":"binary-expr","locations":[{"start":{"line":93,"column":8},"end":{"line":93,"column":21}},{"start":{"line":93,"column":8},"end":{"line":93,"column":21}}]},"25":{"loc":{"start":{"line":94,"column":84},"end":{"line":94,"column":141}},"type":"cond-expr","locations":[{"start":{"line":94,"column":111},"end":{"line":94,"column":113}},{"start":{"line":94,"column":116},"end":{"line":94,"column":141}}]}},"s":{"0":1,"1":4,"2":4,"3":4,"4":1,"5":7,"6":2,"7":2,"8":4,"9":2,"10":4,"11":5,"12":5,"13":1,"14":4,"15":1,"16":2,"17":2,"18":6,"19":2,"20":1,"21":1,"22":1,"23":2,"24":1,"25":38,"26":38,"27":38,"28":38,"29":38,"30":1,"31":37,"32":1,"33":36,"34":36,"35":40,"36":2,"37":34,"38":34,"39":34,"40":34,"41":34,"42":34,"43":34,"44":12,"45":12,"46":12,"47":6,"48":22,"49":22,"50":22,"51":22,"52":23,"53":23,"54":22,"55":9,"56":23,"57":18,"58":1,"59":6,"60":6,"61":6,"62":6,"63":6,"64":6,"65":6,"66":3,"67":3},"f":{"0":4,"1":4,"2":4,"3":7,"4":2,"5":2,"6":4,"7":5,"8":1,"9":2,"10":2,"11":38,"12":40,"13":6},"b":{"0":[4,4,2],"1":[4,4,2],"2":[4,4,2],"3":[7,3],"4":[2,1],"5":[2,1],"6":[2],"7":[4,2],"8":[3,2],"9":[4,2],"10":[1],"11":[1],"12":[9,27],"13":[2],"14":[36,36],"15":[12,22],"16":[6],"17":[22,3],"18":[4,19],"19":[1,18],"20":[9],"21":[3],"22":[6,4,4],"23":[2,2],"24":[4,4],"25":[2,1]}}
}
