{"/Users/zane/playground/specify-string/src/specify-string.mjs": {"path":"/Users/zane/playground/specify-string/src/specify-string.mjs","statementMap":{"0":{"start":{"line":1,"column":0},"end":{"line":1,"column":48}},"1":{"start":{"line":1,"column":48},"end":{"line":1,"column":null}},"2":{"start":{"line":3,"column":28},"end":{"line":10,"column":1}},"3":{"start":{"line":4,"column":30},"end":{"line":5,"column":null}},"4":{"start":{"line":6,"column":30},"end":{"line":7,"column":null}},"5":{"start":{"line":8,"column":32},"end":{"line":9,"column":null}},"6":{"start":{"line":12,"column":23},"end":{"line":34,"column":1}},"7":{"start":{"line":14,"column":31},"end":{"line":15,"column":null}},"8":{"start":{"line":16,"column":31},"end":{"line":17,"column":null}},"9":{"start":{"line":18,"column":33},"end":{"line":19,"column":null}},"10":{"start":{"line":21,"column":4},"end":{"line":23,"column":null}},"11":{"start":{"line":22,"column":6},"end":{"line":22,"column":null}},"12":{"start":{"line":24,"column":4},"end":{"line":25,"column":null}},"13":{"start":{"line":28,"column":4},"end":{"line":30,"column":null}},"14":{"start":{"line":28,"column":10},"end":{"line":28,"column":60}},"15":{"start":{"line":29,"column":6},"end":{"line":29,"column":null}},"16":{"start":{"line":31,"column":4},"end":{"line":32,"column":null}},"17":{"start":{"line":36,"column":15},"end":{"line":49,"column":null}},"18":{"start":{"line":40,"column":21},"end":{"line":40,"column":20}},"19":{"start":{"line":40,"column":33},"end":{"line":40,"column":32}},"20":{"start":{"line":40,"column":33},"end":{"line":40,"column":37}},"21":{"start":{"line":41,"column":4},"end":{"line":41,"column":null}},"22":{"start":{"line":43,"column":4},"end":{"line":43,"column":null}},"23":{"start":{"line":44,"column":4},"end":{"line":44,"column":null}},"24":{"start":{"line":45,"column":3},"end":{"line":49,"column":null}},"25":{"start":{"line":48,"column":4},"end":{"line":48,"column":null}},"26":{"start":{"line":52,"column":20},"end":{"line":95,"column":1}},"27":{"start":{"line":52,"column":39},"end":{"line":52,"column":38}},"28":{"start":{"line":52,"column":45},"end":{"line":52,"column":44}},"29":{"start":{"line":52,"column":57},"end":{"line":52,"column":56}},"30":{"start":{"line":52,"column":64},"end":{"line":52,"column":63}},"31":{"start":{"line":53,"column":2},"end":{"line":55,"column":null}},"32":{"start":{"line":54,"column":4},"end":{"line":54,"column":null}},"33":{"start":{"line":56,"column":2},"end":{"line":58,"column":null}},"34":{"start":{"line":57,"column":4},"end":{"line":57,"column":null}},"35":{"start":{"line":59,"column":17},"end":{"line":59,"column":55}},"36":{"start":{"line":60,"column":2},"end":{"line":62,"column":null}},"37":{"start":{"line":60,"column":46},"end":{"line":60,"column":73}},"38":{"start":{"line":61,"column":4},"end":{"line":61,"column":null}},"39":{"start":{"line":64,"column":2},"end":{"line":92,"column":null}},"40":{"start":{"line":64,"column":2},"end":{"line":64,"column":7}},"41":{"start":{"line":64,"column":41},"end":{"line":64,"column":61}},"42":{"start":{"line":64,"column":7},"end":{"line":64,"column":14}},"43":{"start":{"line":64,"column":24},"end":{"line":64,"column":26}},"44":{"start":{"line":64,"column":36},"end":{"line":64,"column":41}},"45":{"start":{"line":65,"column":17},"end":{"line":65,"column":40}},"46":{"start":{"line":67,"column":4},"end":{"line":91,"column":null}},"47":{"start":{"line":68,"column":29},"end":{"line":68,"column":60}},"48":{"start":{"line":70,"column":21},"end":{"line":70,"column":49}},"49":{"start":{"line":72,"column":6},"end":{"line":74,"column":null}},"50":{"start":{"line":73,"column":8},"end":{"line":73,"column":null}},"51":{"start":{"line":76,"column":29},"end":{"line":76,"column":81}},"52":{"start":{"line":76,"column":81},"end":{"line":77,"column":30}},"53":{"start":{"line":77,"column":28},"end":{"line":90,"column":null}},"54":{"start":{"line":77,"column":6},"end":{"line":90,"column":7}},"55":{"start":{"line":77,"column":18},"end":{"line":77,"column":22}},"56":{"start":{"line":78,"column":23},"end":{"line":82,"column":37}},"57":{"start":{"line":83,"column":8},"end":{"line":89,"column":null}},"58":{"start":{"line":84,"column":10},"end":{"line":88,"column":null}},"59":{"start":{"line":85,"column":12},"end":{"line":85,"column":null}},"60":{"start":{"line":87,"column":12},"end":{"line":87,"column":null}},"61":{"start":{"line":90,"column":7},"end":{"line":90,"column":null}},"62":{"start":{"line":94,"column":2},"end":{"line":94,"column":null}},"63":{"start":{"line":97,"column":24},"end":{"line":107,"column":1}},"64":{"start":{"line":97,"column":34},"end":{"line":97,"column":33}},"65":{"start":{"line":97,"column":46},"end":{"line":97,"column":45}},"66":{"start":{"line":98,"column":2},"end":{"line":104,"column":null}},"67":{"start":{"line":98,"column":2},"end":{"line":98,"column":7}},"68":{"start":{"line":98,"column":27},"end":{"line":98,"column":44}},"69":{"start":{"line":98,"column":23},"end":{"line":98,"column":27}},"70":{"start":{"line":99,"column":4},"end":{"line":103,"column":null}},"71":{"start":{"line":102,"column":6},"end":{"line":102,"column":null}},"72":{"start":{"line":106,"column":2},"end":{"line":106,"column":null}}},"fnMap":{"0":{"name":"_createForOfIteratorHelper","decl":{"start":{"line":1,"column":48},"end":{"line":1,"column":null}},"loc":{"start":{"line":1,"column":48},"end":{"line":1,"column":null}}},"1":{"name":"minCount","decl":{"start":{"line":4,"column":16},"end":{"line":4,"column":17}},"loc":{"start":{"line":4,"column":30},"end":{"line":5,"column":null}}},"2":{"name":"maxCount","decl":{"start":{"line":6,"column":16},"end":{"line":6,"column":17}},"loc":{"start":{"line":6,"column":30},"end":{"line":7,"column":null}}},"3":{"name":"exactCount","decl":{"start":{"line":8,"column":18},"end":{"line":8,"column":19}},"loc":{"start":{"line":8,"column":32},"end":{"line":9,"column":null}}},"4":{"name":"minLength","decl":{"start":{"line":14,"column":17},"end":{"line":14,"column":18}},"loc":{"start":{"line":14,"column":31},"end":{"line":15,"column":null}}},"5":{"name":"maxLength","decl":{"start":{"line":16,"column":17},"end":{"line":16,"column":18}},"loc":{"start":{"line":16,"column":31},"end":{"line":17,"column":null}}},"6":{"name":"exactLength","decl":{"start":{"line":18,"column":19},"end":{"line":18,"column":20}},"loc":{"start":{"line":18,"column":33},"end":{"line":19,"column":null}}},"7":{"name":"oneOf","decl":{"start":{"line":20,"column":13},"end":{"line":20,"column":14}},"loc":{"start":{"line":20,"column":33},"end":{"line":26,"column":3}}},"8":{"name":"matchRe","decl":{"start":{"line":27,"column":15},"end":{"line":27,"column":16}},"loc":{"start":{"line":27,"column":30},"end":{"line":33,"column":null}}},"9":{"name":"(anonymous_18)","decl":{"start":{"line":36,"column":15},"end":{"line":36,"column":null}},"loc":{"start":{"line":36,"column":15},"end":{"line":49,"column":null}}},"10":{"name":"Validator","decl":{"start":{"line":40,"column":2},"end":{"line":40,"column":17}},"loc":{"start":{"line":40,"column":37},"end":{"line":45,"column":3}}},"11":{"name":"validateString","decl":{"start":{"line":47,"column":2},"end":{"line":47,"column":18}},"loc":{"start":{"line":47,"column":25},"end":{"line":49,"column":3}}},"12":{"name":"_validateString","decl":{"start":{"line":52,"column":6},"end":{"line":52,"column":20}},"loc":{"start":{"line":52,"column":71},"end":{"line":95,"column":1}}},"13":{"name":"(anonymous_22)","decl":{"start":{"line":60,"column":44},"end":{"line":60,"column":45}},"loc":{"start":{"line":60,"column":46},"end":{"line":60,"column":73}}},"14":{"name":"validateStringSpec","decl":{"start":{"line":97,"column":6},"end":{"line":97,"column":24}},"loc":{"start":{"line":97,"column":53},"end":{"line":107,"column":1}}}},"branchMap":{"0":{"loc":{"start":{"line":1,"column":48},"end":{"line":1,"column":null}},"type":"binary-expr","locations":[{"start":{"line":1,"column":48},"end":{"line":1,"column":null}},{"start":{"line":1,"column":48},"end":{"line":1,"column":null}},{"start":{"line":1,"column":48},"end":{"line":1,"column":null}}]},"1":{"loc":{"start":{"line":1,"column":48},"end":{"line":1,"column":null}},"type":"if","locations":[{"start":{"line":1,"column":48},"end":{"line":1,"column":null}}]},"2":{"loc":{"start":{"line":1,"column":48},"end":{"line":1,"column":null}},"type":"binary-expr","locations":[{"start":{"line":1,"column":48},"end":{"line":1,"column":null}},{"start":{"line":1,"column":48},"end":{"line":1,"column":null}},{"start":{"line":1,"column":48},"end":{"line":1,"column":null}},{"start":{"line":1,"column":48},"end":{"line":1,"column":null}},{"start":{"line":1,"column":48},"end":{"line":1,"column":null}}]},"3":{"loc":{"start":{"line":1,"column":48},"end":{"line":1,"column":null}},"type":"binary-expr","locations":[{"start":{"line":1,"column":48},"end":{"line":1,"column":null}},{"start":{"line":1,"column":48},"end":{"line":1,"column":null}}]},"4":{"loc":{"start":{"line":4,"column":36},"end":{"line":5,"column":83}},"type":"binary-expr","locations":[{"start":{"line":4,"column":36},"end":{"line":4,"column":56}},{"start":{"line":4,"column":60},"end":{"line":4,"column":82}},{"start":{"line":4,"column":82},"end":{"line":5,"column":83}}]},"5":{"loc":{"start":{"line":6,"column":36},"end":{"line":7,"column":79}},"type":"binary-expr","locations":[{"start":{"line":6,"column":36},"end":{"line":6,"column":56}},{"start":{"line":6,"column":60},"end":{"line":6,"column":82}},{"start":{"line":6,"column":82},"end":{"line":7,"column":79}}]},"6":{"loc":{"start":{"line":8,"column":38},"end":{"line":9,"column":78}},"type":"binary-expr","locations":[{"start":{"line":8,"column":38},"end":{"line":8,"column":58}},{"start":{"line":8,"column":62},"end":{"line":8,"column":85}},{"start":{"line":8,"column":85},"end":{"line":9,"column":78}}]},"7":{"loc":{"start":{"line":14,"column":36},"end":{"line":15,"column":89}},"type":"binary-expr","locations":[{"start":{"line":14,"column":36},"end":{"line":14,"column":58}},{"start":{"line":14,"column":58},"end":{"line":15,"column":89}}]},"8":{"loc":{"start":{"line":16,"column":36},"end":{"line":17,"column":88}},"type":"binary-expr","locations":[{"start":{"line":16,"column":36},"end":{"line":16,"column":58}},{"start":{"line":16,"column":58},"end":{"line":17,"column":88}}]},"9":{"loc":{"start":{"line":18,"column":38},"end":{"line":19,"column":88}},"type":"binary-expr","locations":[{"start":{"line":18,"column":38},"end":{"line":18,"column":61}},{"start":{"line":18,"column":61},"end":{"line":19,"column":88}}]},"10":{"loc":{"start":{"line":21,"column":4},"end":{"line":23,"column":null}},"type":"if","locations":[{"start":{"line":21,"column":4},"end":{"line":23,"column":null}}]},"11":{"loc":{"start":{"line":24,"column":11},"end":{"line":25,"column":71}},"type":"binary-expr","locations":[{"start":{"line":24,"column":11},"end":{"line":24,"column":34}},{"start":{"line":24,"column":34},"end":{"line":25,"column":71}}]},"12":{"loc":{"start":{"line":28,"column":15},"end":{"line":28,"column":59}},"type":"cond-expr","locations":[{"start":{"line":28,"column":40},"end":{"line":28,"column":54}},{"start":{"line":28,"column":57},"end":{"line":28,"column":59}}]},"13":{"loc":{"start":{"line":31,"column":11},"end":{"line":32,"column":58}},"type":"binary-expr","locations":[{"start":{"line":31,"column":11},"end":{"line":31,"column":25}},{"start":{"line":31,"column":25},"end":{"line":32,"column":58}}]},"14":{"loc":{"start":{"line":53,"column":2},"end":{"line":55,"column":null}},"type":"if","locations":[{"start":{"line":53,"column":2},"end":{"line":55,"column":null}}]},"15":{"loc":{"start":{"line":56,"column":2},"end":{"line":58,"column":null}},"type":"if","locations":[{"start":{"line":56,"column":2},"end":{"line":58,"column":null}}]},"16":{"loc":{"start":{"line":59,"column":17},"end":{"line":59,"column":55}},"type":"cond-expr","locations":[{"start":{"line":59,"column":40},"end":{"line":59,"column":45}},{"start":{"line":59,"column":48},"end":{"line":59,"column":55}}]},"17":{"loc":{"start":{"line":60,"column":2},"end":{"line":62,"column":null}},"type":"if","locations":[{"start":{"line":60,"column":2},"end":{"line":62,"column":null}}]},"18":{"loc":{"start":{"line":60,"column":6},"end":{"line":60,"column":73}},"type":"binary-expr","locations":[{"start":{"line":60,"column":6},"end":{"line":60,"column":28}},{"start":{"line":60,"column":32},"end":{"line":60,"column":73}}]},"19":{"loc":{"start":{"line":67,"column":4},"end":{"line":91,"column":null}},"type":"if","locations":[{"start":{"line":67,"column":4},"end":{"line":91,"column":null}},{"start":{"line":75,"column":11},"end":{"line":91,"column":null}}]},"20":{"loc":{"start":{"line":72,"column":6},"end":{"line":74,"column":null}},"type":"if","locations":[{"start":{"line":72,"column":6},"end":{"line":74,"column":null}}]},"21":{"loc":{"start":{"line":76,"column":29},"end":{"line":76,"column":81}},"type":"binary-expr","locations":[{"start":{"line":76,"column":29},"end":{"line":76,"column":55}},{"start":{"line":76,"column":59},"end":{"line":76,"column":81}}]},"22":{"loc":{"start":{"line":78,"column":23},"end":{"line":82,"column":37}},"type":"cond-expr","locations":[{"start":{"line":79,"column":12},"end":{"line":79,"column":35}},{"start":{"line":80,"column":12},"end":{"line":82,"column":37}}]},"23":{"loc":{"start":{"line":80,"column":12},"end":{"line":82,"column":37}},"type":"cond-expr","locations":[{"start":{"line":81,"column":14},"end":{"line":81,"column":40}},{"start":{"line":82,"column":14},"end":{"line":82,"column":37}}]},"24":{"loc":{"start":{"line":83,"column":8},"end":{"line":89,"column":null}},"type":"if","locations":[{"start":{"line":83,"column":8},"end":{"line":89,"column":null}}]},"25":{"loc":{"start":{"line":84,"column":10},"end":{"line":88,"column":null}},"type":"if","locations":[{"start":{"line":84,"column":10},"end":{"line":88,"column":null}},{"start":{"line":86,"column":17},"end":{"line":88,"column":null}}]},"26":{"loc":{"start":{"line":99,"column":4},"end":{"line":103,"column":null}},"type":"if","locations":[{"start":{"line":99,"column":4},"end":{"line":103,"column":null}}]},"27":{"loc":{"start":{"line":99,"column":8},"end":{"line":101,"column":46}},"type":"binary-expr","locations":[{"start":{"line":99,"column":8},"end":{"line":99,"column":48}},{"start":{"line":100,"column":8},"end":{"line":100,"column":53}},{"start":{"line":101,"column":8},"end":{"line":101,"column":46}}]},"28":{"loc":{"start":{"line":101,"column":8},"end":{"line":101,"column":32}},"type":"cond-expr","locations":[{"start":{"line":101,"column":18},"end":{"line":101,"column":21}},{"start":{"line":101,"column":8},"end":{"line":101,"column":32}}]},"29":{"loc":{"start":{"line":101,"column":8},"end":{"line":101,"column":21}},"type":"binary-expr","locations":[{"start":{"line":101,"column":8},"end":{"line":101,"column":21}},{"start":{"line":101,"column":8},"end":{"line":101,"column":21}}]},"30":{"loc":{"start":{"line":102,"column":84},"end":{"line":102,"column":141}},"type":"cond-expr","locations":[{"start":{"line":102,"column":111},"end":{"line":102,"column":113}},{"start":{"line":102,"column":116},"end":{"line":102,"column":141}}]}},"s":{"0":1,"1":281,"2":1,"3":5,"4":4,"5":4,"6":1,"7":7,"8":2,"9":2,"10":4,"11":2,"12":4,"13":5,"14":5,"15":1,"16":4,"17":1,"18":2,"19":2,"20":6,"21":2,"22":1,"23":1,"24":1,"25":2,"26":1,"27":40,"28":40,"29":40,"30":40,"31":40,"32":1,"33":39,"34":1,"35":38,"36":38,"37":42,"38":2,"39":36,"40":36,"41":36,"42":36,"43":36,"44":36,"45":36,"46":36,"47":13,"48":13,"49":13,"50":6,"51":23,"52":23,"53":23,"54":23,"55":24,"56":24,"57":23,"58":10,"59":1,"60":9,"61":24,"62":19,"63":1,"64":6,"65":6,"66":6,"67":6,"68":6,"69":6,"70":6,"71":3,"72":3},"f":{"0":106,"1":5,"2":4,"3":4,"4":7,"5":2,"6":2,"7":4,"8":5,"9":1,"10":2,"11":2,"12":40,"13":42,"14":6},"b":{"0":[46,34,0],"1":[1],"2":[0,0,0,0,0],"3":[0,0],"4":[5,5,2],"5":[4,4,2],"6":[4,4,2],"7":[7,3],"8":[2,1],"9":[2,1],"10":[2],"11":[4,2],"12":[3,2],"13":[4,2],"14":[1],"15":[1],"16":[9,29],"17":[2],"18":[38,38],"19":[13,23],"20":[6],"21":[23,4],"22":[4,20],"23":[1,19],"24":[10],"25":[1,9],"26":[3],"27":[6,4,4],"28":[2,2],"29":[4,4],"30":[2,1]}}
,"/Users/zane/playground/specify-string/src/lib/extract-args.mjs": {"path":"/Users/zane/playground/specify-string/src/lib/extract-args.mjs","statementMap":{"0":{"start":{"line":1,"column":17},"end":{"line":9,"column":1}},"1":{"start":{"line":2,"column":2},"end":{"line":8,"column":null}},"2":{"start":{"line":3,"column":4},"end":{"line":3,"column":null}},"3":{"start":{"line":4,"column":9},"end":{"line":8,"column":null}},"4":{"start":{"line":5,"column":4},"end":{"line":5,"column":null}},"5":{"start":{"line":7,"column":4},"end":{"line":7,"column":null}}},"fnMap":{"0":{"name":"extractArgs","decl":{"start":{"line":1,"column":6},"end":{"line":1,"column":17}},"loc":{"start":{"line":1,"column":36},"end":{"line":9,"column":1}}}},"branchMap":{"0":{"loc":{"start":{"line":2,"column":2},"end":{"line":8,"column":null}},"type":"if","locations":[{"start":{"line":2,"column":2},"end":{"line":8,"column":null}},{"start":{"line":4,"column":9},"end":{"line":8,"column":null}}]},"1":{"loc":{"start":{"line":2,"column":6},"end":{"line":2,"column":92}},"type":"binary-expr","locations":[{"start":{"line":2,"column":6},"end":{"line":2,"column":30}},{"start":{"line":2,"column":34},"end":{"line":2,"column":59}},{"start":{"line":2,"column":63},"end":{"line":2,"column":92}}]},"2":{"loc":{"start":{"line":4,"column":9},"end":{"line":8,"column":null}},"type":"if","locations":[{"start":{"line":4,"column":9},"end":{"line":8,"column":null}},{"start":{"line":6,"column":9},"end":{"line":8,"column":null}}]},"3":{"loc":{"start":{"line":4,"column":13},"end":{"line":4,"column":76}},"type":"binary-expr","locations":[{"start":{"line":4,"column":13},"end":{"line":4,"column":43}},{"start":{"line":4,"column":47},"end":{"line":4,"column":76}}]}},"s":{"0":1,"1":36,"2":7,"3":29,"4":1,"5":28},"f":{"0":36},"b":{"0":[7,29],"1":[36,34,31],"2":[1,28],"3":[29,2]}}
}
